2018-06-12T22:42:31+02:00 [] POST
2018-06-12T22:42:31+02:00 [] Well done
2018-06-12T22:42:31+02:00 [] Search for item in cart
2018-06-12T22:46:00+02:00 [Carrito] POSTArray
2018-06-12T22:46:00+02:00 [Carrito] Well done
2018-06-12T22:46:00+02:00 [Carrito] Searching for item already in cart
2018-06-12T22:46:39+02:00 [Carrito] POST
2018-06-12T22:46:39+02:00 [Carrito] Well done
2018-06-12T22:46:39+02:00 [Carrito] Searching for item already in cart
2018-06-12T22:46:45+02:00 [Carrito] POST
2018-06-12T22:46:45+02:00 [Carrito] Well done
2018-06-12T22:46:45+02:00 [Carrito] Searching for item already in cart
2018-06-12T22:46:45+02:00 [Carrito] Insert item in cart
2018-06-12T23:00:49+02:00 [Carrito] PUT
2018-06-12T23:03:16+02:00 [Carrito] PUT
2018-06-12T23:03:49+02:00 [Carrito] PUT
2018-06-12T23:03:49+02:00 [Carrito] Well done
2018-06-12T23:03:49+02:00 [Carrito] Updating cart item
2018-06-12T23:03:49+02:00 [Carrito] Recovering new data
2018-06-12T23:05:36+02:00 [Carrito] PUT
2018-06-12T23:05:36+02:00 [Carrito] Well done
2018-06-12T23:05:36+02:00 [Carrito] Updating cart item
2018-06-12T23:05:36+02:00 [Carrito] Recovering new data
2018-06-12T23:05:36+02:00 [Carrito] PUT DONE!
2018-06-12T23:10:11+02:00 [Carrito] PUT
2018-06-12T23:10:11+02:00 [Carrito] Well done
2018-06-12T23:10:11+02:00 [Carrito] Updating cart item
2018-06-12T23:10:11+02:00 [Carrito] Recovering new data
2018-06-12T23:10:11+02:00 [Carrito] PUT DONE!
2018-06-12T23:10:44+02:00 [Carrito] PUT
2018-06-12T23:10:44+02:00 [Carrito] Missing param in request folio_carrito
2018-06-12T23:10:58+02:00 [Carrito] PUT
2018-06-12T23:10:58+02:00 [Carrito] Missing param in request folio_carrito
2018-06-12T23:11:22+02:00 [Carrito] PUT
2018-06-12T23:11:22+02:00 [Carrito] Missing param in request folio_carrito
2018-06-12T23:11:31+02:00 [Carrito] PUT
2018-06-12T23:11:31+02:00 [Carrito] Missing param in request folio_carrito
2018-06-12T23:16:45+02:00 [Carrito] PUT
2018-06-12T23:16:45+02:00 [Carrito] Missing param in request folio_carrito
2018-06-12T23:18:56+02:00 [Carrito] PUT
2018-06-12T23:18:56+02:00 [Carrito] Well done
2018-06-12T23:18:56+02:00 [Carrito] Updating cart item
2018-06-12T23:18:57+02:00 [Carrito] Recovering new data
2018-06-12T23:18:57+02:00 [Carrito] PUT DONE!
2018-06-12T23:19:16+02:00 [Carrito] PUT
2018-06-12T23:19:16+02:00 [Carrito] Well done
2018-06-12T23:19:16+02:00 [Carrito] Updating cart item
2018-06-12T23:19:16+02:00 [Carrito] Recovering new data
2018-06-12T23:19:16+02:00 [Carrito] PUT DONE!
2018-06-12T23:19:29+02:00 [Carrito] PUT
2018-06-12T23:19:29+02:00 [Carrito] Well done
2018-06-12T23:19:29+02:00 [Carrito] Updating cart item
2018-06-12T23:19:29+02:00 [Carrito] Recovering new data
2018-06-12T23:19:29+02:00 [Carrito] PUT DONE!
2018-06-12T23:24:40+02:00 [Carrito] PUT
2018-06-12T23:24:40+02:00 [Carrito] Well done
2018-06-12T23:24:40+02:00 [Carrito] Updating cart item
2018-06-12T23:24:40+02:00 [Carrito] Recovering new data
2018-06-12T23:24:40+02:00 [Carrito] PUT DONE!
2018-06-12T23:24:42+02:00 [Carrito] PUT
2018-06-12T23:24:42+02:00 [Carrito] Well done
2018-06-12T23:24:42+02:00 [Carrito] Updating cart item
2018-06-12T23:24:42+02:00 [Carrito] Recovering new data
2018-06-12T23:24:42+02:00 [Carrito] PUT DONE!
2018-06-12T23:25:05+02:00 [Carrito] PUT
2018-06-12T23:25:05+02:00 [Carrito] Well done
2018-06-12T23:25:05+02:00 [Carrito] Updating cart item
2018-06-12T23:25:05+02:00 [Carrito] Recovering new data
2018-06-12T23:25:05+02:00 [Carrito] PUT DONE!
